Bundling 6%
Bundling 19%
Bundling 64%
Bundling 69%
Bundling 74%
Bundling 80%
Bundling 85%
Bundling 90%
Bundling 95%
Bundling 100%
Getting composition
Composition          AionNexus
Codec                h264
Output               out.mp4
Concurrency          4x
Rendered 0/1800
Rendered 1/1800, time remaining: 1h 11m 21s
Rendered 2/1800, time remaining: 37m 31s
Rendered 3/1800, time remaining: 25m 52s
Rendered 4/1800, time remaining: 20m 8s
Rendered 5/1800, time remaining: 26m 37s
Rendered 6/1800, time remaining: 22m 55s
Rendered 7/1800, time remaining: 20m 21s
Rendered 8/1800, time remaining: 18m 43s
Rendered 9/1800, time remaining: 21m 20s
Rendered 10/1800, time remaining: 19m 53s
Rendered 11/1800, time remaining: 18m 33s
Rendered 12/1800, time remaining: 17m 29s
Rendered 13/1800, time remaining: 19m 5s
Rendered 14/1800, time remaining: 18m 21s
Rendered 15/1800, time remaining: 17m 33s
Rendered 16/1800, time remaining: 17m 1s
Rendered 17/1800, time remaining: 17m 53s
Rendered 18/1800, time remaining: 17m 27s
Rendered 19/1800, time remaining: 16m 49s
Rendered 20/1800, time remaining: 16m 40s
Rendered 21/1800, time remaining: 17m 18s
Rendered 22/1800, time remaining: 16m 43s
Rendered 23/1800, time remaining: 16m 12s
Rendered 24/1800, time remaining: 16m 22s
Rendered 25/1800, time remaining: 16m 45s
Rendered 26/1800, time remaining: 16m 17s
Rendered 27/1800, time remaining: 15m 51s
Rendered 28/1800, time remaining: 16m 1s
Rendered 29/1800, time remaining: 16m 32s
Rendered 30/1800, time remaining: 16m 4s
Rendered 31/1800, time remaining: 15m 51s
Rendered 32/1800, time remaining: 15m 41s
Rendered 33/1800, time remaining: 16m 16s
Rendered 34/1800, time remaining: 16m 4s
Rendered 35/1800, time remaining: 15m 47s
Rendered 36/1800, time remaining: 15m 30s
Rendered 37/1800, time remaining: 16m 4s
Rendered 38/1800, time remaining: 15m 55s
Rendered 39/1800, time remaining: 15m 34s
Rendered 40/1800, time remaining: 15m 19s
Rendered 41/1800, time remaining: 15m 53s
Rendered 42/1800, time remaining: 15m 38s
Rendered 43/1800, time remaining: 15m 20s
Rendered 44/1800, time remaining: 15m 13s
Rendered 45/1800, time remaining: 15m 45s
Rendered 46/1800, time remaining: 15m 29s
Rendered 47/1800, time remaining: 15m 12s
Rendered 48/1800, time remaining: 14m 59s
Rendered 49/1800, time remaining: 15m 38s
Rendered 50/1800, time remaining: 15m 21s
Rendered 51/1800, time remaining: 15m 4s
Rendered 52/1800, time remaining: 14m 53s
Rendered 53/1800, time remaining: 15m 21s
Rendered 54/1800, time remaining: 15m 16s
Rendered 55/1800, time remaining: 15m 2s
Rendered 56/1800, time remaining: 14m 52s
Rendered 57/1800, time remaining: 15m 10s
Rendered 58/1800, time remaining: 15m 11s
Rendered 59/1800, time remaining: 14m 58s
Rendered 60/1800, time remaining: 14m 46s
Rendered 61/1800, time remaining: 15m 5s
Rendered 62/1800, time remaining: 15m 5s
Rendered 63/1800, time remaining: 14m 57s
Rendered 64/1800, time remaining: 14m 48s
Rendered 64/1800, time remaining: 14m 48s
Rendered 64/1800, time remaining: 14m 48s
Rendered 64/1800, time remaining: 14m 48s
Rendered 65/1800, time remaining: 15m 8s
Rendered 65/1800, time remaining: 15m 8s
Rendered 65/1800, time remaining: 15m 8s
Rendered 66/1800, time remaining: 15m 17s
Rendered 66/1800, time remaining: 15m 17s
Rendered 67/1800, time remaining: 15m 22s
Rendered 68/1800, time remaining: 15m 11s
Rendered 68/1800, time remaining: 15m 11s
Rendered 68/1800, time remaining: 15m 11s
Rendered 68/1800, time remaining: 15m 11s
Rendered 69/1800, time remaining: 15m 27s
Rendered 70/1800, time remaining: 15m 18s
Rendered 70/1800, time remaining: 15m 18s
Rendered 70/1800, time remaining: 15m 18s
Rendered 71/1800, time remaining: 15m 21s
Rendered 72/1800, time remaining: 15m 12s
Rendered 72/1800, time remaining: 15m 12s
Rendered 72/1800, time remaining: 15m 12s
Rendered 73/1800, time remaining: 15m 25s
Rendered 74/1800, time remaining: 15m 16s
Rendered 74/1800, time remaining: 15m 16s
Rendered 74/1800, time remaining: 15m 16s
Rendered 75/1800, time remaining: 15m 16s
Rendered 76/1800, time remaining: 15m 11s
Rendered 76/1800, time remaining: 15m 11s
Rendered 76/1800, time remaining: 15m 11s
Rendered 77/1800, time remaining: 15m 18s
Rendered 78/1800, time remaining: 15m 8s
Rendered 78/1800, time remaining: 15m 8s
Rendered 78/1800, time remaining: 15m 8s
Rendered 79/1800, time remaining: 15m 14s
Rendered 80/1800, time remaining: 15m 7s
Rendered 80/1800, time remaining: 15m 7s
Rendered 80/1800, time remaining: 15m 7s
Rendered 81/1800, time remaining: 15m 12s
Rendered 82/1800, time remaining: 15m 6s
Rendered 82/1800, time remaining: 15m 6s
Rendered 82/1800, time remaining: 15m 6s
Rendered 83/1800, time remaining: 15m 11s
Rendered 84/1800, time remaining: 15m 2s
Rendered 84/1800, time remaining: 15m 2s
Rendered 84/1800, time remaining: 15m 2s
Rendered 85/1800, time remaining: 15m 6s
Rendered 86/1800, time remaining: 14m 59s
Rendered 86/1800, time remaining: 14m 59s
Rendered 86/1800, time remaining: 14m 59s
Rendered 87/1800, time remaining: 15m 6s
Rendered 88/1800, time remaining: 14m 58s
Rendered 88/1800, time remaining: 14m 58s
Rendered 88/1800, time remaining: 14m 58s
Rendered 89/1800, time remaining: 15m 4s
Rendered 90/1800, time remaining: 14m 56s
Rendered 90/1800, time remaining: 14m 56s
Rendered 90/1800, time remaining: 14m 56s
Rendered 91/1800, time remaining: 15m 0s
Rendered 92/1800, time remaining: 14m 54s
Rendered 92/1800, time remaining: 14m 54s
Rendered 92/1800, time remaining: 14m 54s
Rendered 93/1800, time remaining: 15m 3s
Rendered 93/1800, time remaining: 15m 3s
Rendered 94/1800, time remaining: 14m 57s
Rendered 94/1800, time remaining: 14m 57s
Rendered 95/1800, time remaining: 14m 57s
Rendered 96/1800, time remaining: 14m 51s
Rendered 96/1800, time remaining: 14m 51s
Rendered 96/1800, time remaining: 14m 51s
Rendered 96/1800, time remaining: 14m 51s
Rendered 97/1800, time remaining: 15m 1s
Rendered 98/1800, time remaining: 14m 54s
Rendered 98/1800, time remaining: 14m 54s
Rendered 99/1800, time remaining: 14m 56s
Rendered 100/1800, time remaining: 14m 49s
Rendered 100/1800, time remaining: 14m 49s
Rendered 100/1800, time remaining: 14m 49s
Rendered 101/1800, time remaining: 14m 56s
Rendered 101/1800, time remaining: 14m 56s
Rendered 102/1800, time remaining: 14m 53s
Rendered 102/1800, time remaining: 14m 53s
Rendered 103/1800, time remaining: 14m 53s
Rendered 104/1800, time remaining: 14m 46s
Rendered 104/1800, time remaining: 14m 46s
Rendered 104/1800, time remaining: 14m 46s
Rendered 105/1800, time remaining: 14m 52s
Rendered 105/1800, time remaining: 14m 52s
Rendered 106/1800, time remaining: 14m 50s
Rendered 106/1800, time remaining: 14m 50s
Rendered 107/1800, time remaining: 14m 48s
Rendered 107/1800, time remaining: 14m 48s
Rendered 108/1800, time remaining: 14m 44s
Rendered 108/1800, time remaining: 14m 44s
Rendered 109/1800, time remaining: 14m 49s
Rendered 109/1800, time remaining: 14m 49s
Rendered 110/1800, time remaining: 14m 48s
Rendered 110/1800, time remaining: 14m 48s
Rendered 111/1800, time remaining: 14m 47s
Rendered 111/1800, time remaining: 14m 47s
Rendered 112/1800, time remaining: 14m 44s
Rendered 112/1800, time remaining: 14m 44s
Rendered 113/1800, time remaining: 14m 46s
Rendered 113/1800, time remaining: 14m 46s
Rendered 114/1800, time remaining: 14m 43s
Rendered 114/1800, time remaining: 14m 43s
Rendered 114/1800, time remaining: 14m 43s
Rendered 115/1800, time remaining: 14m 45s
Rendered 116/1800, time remaining: 14m 42s
Rendered 116/1800, time remaining: 14m 42s
Rendered 116/1800, time remaining: 14m 42s
Rendered 117/1800, time remaining: 14m 47s
Rendered 117/1800, time remaining: 14m 47s
Rendered 118/1800, time remaining: 14m 42s
Rendered 118/1800, time remaining: 14m 42s
Rendered 119/1800, time remaining: 14m 43s
Rendered 119/1800, time remaining: 14m 43s
Rendered 120/1800, time remaining: 14m 43s
Rendered 120/1800, time remaining: 14m 43s
Rendered 121/1800, time remaining: 14m 41s
Rendered 121/1800, time remaining: 14m 41s
Rendered 122/1800, time remaining: 14m 39s
Rendered 122/1800, time remaining: 14m 39s
Rendered 123/1800, time remaining: 14m 41s
Rendered 123/1800, time remaining: 14m 41s
Rendered 124/1800, time remaining: 14m 40s
Rendered 124/1800, time remaining: 14m 40s
Rendered 125/1800, time remaining: 14m 38s
Rendered 126/1800, time remaining: 14m 34s
Rendered 126/1800, time remaining: 14m 34s
Rendered 126/1800, time remaining: 14m 34s
Rendered 126/1800, time remaining: 14m 34s
Rendered 127/1800, time remaining: 14m 42s
Rendered 127/1800, time remaining: 14m 42s
Rendered 128/1800, time remaining: 14m 43s
Rendered 129/1800, time remaining: 14m 38s
Rendered 130/1800, time remaining: 14m 31s
Rendered 130/1800, time remaining: 14m 31s
Rendered 130/1800, time remaining: 14m 31s
Rendered 130/1800, time remaining: 14m 31s
Rendered 131/1800, time remaining: 14m 40s
Rendered 131/1800, time remaining: 14m 40s
Rendered 132/1800, time remaining: 14m 38s
Rendered 133/1800, time remaining: 14m 36s
Rendered 133/1800, time remaining: 14m 36s
Rendered 134/1800, time remaining: 14m 30s
Rendered 134/1800, time remaining: 14m 30s
Rendered 134/1800, time remaining: 14m 30s
Rendered 135/1800, time remaining: 14m 35s
Rendered 135/1800, time remaining: 14m 35s
Rendered 136/1800, time remaining: 14m 36s
Rendered 136/1800, time remaining: 14m 36s
Rendered 137/1800, time remaining: 14m 33s
Rendered 138/1800, time remaining: 14m 28s
Rendered 138/1800, time remaining: 14m 28s
Rendered 138/1800, time remaining: 14m 28s
Rendered 139/1800, time remaining: 14m 32s
Rendered 139/1800, time remaining: 14m 32s
Rendered 140/1800, time remaining: 14m 33s
Rendered 140/1800, time remaining: 14m 33s
Rendered 141/1800, time remaining: 14m 30s
Rendered 142/1800, time remaining: 14m 27s
Rendered 142/1800, time remaining: 14m 27s
Rendered 142/1800, time remaining: 14m 27s
Rendered 143/1800, time remaining: 14m 31s
Rendered 143/1800, time remaining: 14m 31s
Rendered 144/1800, time remaining: 14m 31s
Rendered 145/1800, time remaining: 14m 26s
Rendered 145/1800, time remaining: 14m 26s
Rendered 146/1800, time remaining: 14m 25s
Rendered 146/1800, time remaining: 14m 25s
Rendered 146/1800, time remaining: 14m 25s
Rendered 147/1800, time remaining: 14m 30s
Rendered 147/1800, time remaining: 14m 30s
Rendered 148/1800, time remaining: 14m 28s
Rendered 148/1800, time remaining: 14m 28s
Rendered 149/1800, time remaining: 14m 23s
Rendered 149/1800, time remaining: 14m 23s
Rendered 150/1800, time remaining: 14m 22s
Rendered 150/1800, time remaining: 14m 22s
Rendered 150/1800, time remaining: 14m 22s
Rendered 151/1800, time remaining: 14m 7s
Rendered 152/1800, time remaining: 14m 9s
Rendered 152/1800, time remaining: 14m 9s
Rendered 153/1800, time remaining: 14m 9s
Rendered 154/1800, time remaining: 14m 12s
Rendered 154/1800, time remaining: 14m 12s
Rendered 154/1800, time remaining: 14m 12s
Rendered 155/1800, time remaining: 14m 2s
Rendered 155/1800, time remaining: 14m 2s
Rendered 156/1800, time remaining: 14m 5s
Rendered 156/1800, time remaining: 14m 5s
Rendered 157/1800, time remaining: 14m 7s
Rendered 157/1800, time remaining: 14m 7s
Rendered 158/1800, time remaining: 14m 8s
Rendered 158/1800, time remaining: 14m 8s
Rendered 159/1800, time remaining: 13m 59s
Rendered 159/1800, time remaining: 13m 59s
Rendered 160/1800, time remaining: 14m 3s
Rendered 160/1800, time remaining: 14m 3s
Rendered 161/1800, time remaining: 14m 2s
Rendered 161/1800, time remaining: 14m 2s
Rendered 162/1800, time remaining: 14m 5s
Rendered 162/1800, time remaining: 14m 5s
Rendered 163/1800, time remaining: 14m 0s
Rendered 163/1800, time remaining: 14m 0s
Rendered 164/1800, time remaining: 14m 1s
Rendered 164/1800, time remaining: 14m 1s
Rendered 165/1800, time remaining: 14m 4s
Rendered 165/1800, time remaining: 14m 4s
Rendered 166/1800, time remaining: 14m 3s
Rendered 166/1800, time remaining: 14m 3s
Rendered 167/1800, time remaining: 13m 57s
Rendered 167/1800, time remaining: 13m 57s
Rendered 168/1800, time remaining: 14m 1s
Rendered 168/1800, time remaining: 14m 1s
Rendered 169/1800, time remaining: 14m 4s
Rendered 169/1800, time remaining: 14m 4s
Rendered 170/1800, time remaining: 14m 2s
Rendered 170/1800, time remaining: 14m 2s
Rendered 171/1800, time remaining: 13m 53s
Rendered 171/1800, time remaining: 13m 53s
Rendered 171/1800, time remaining: 13m 53s
Rendered 172/1800, time remaining: 14m 2s
Rendered 172/1800, time remaining: 14m 2s
Rendered 173/1800, time remaining: 14m 5s
Rendered 173/1800, time remaining: 14m 5s
Rendered 174/1800, time remaining: 14m 2s
Rendered 175/1800, time remaining: 13m 53s
Rendered 175/1800, time remaining: 13m 53s
Rendered 176/1800, time remaining: 14m 0s
Rendered 176/1800, time remaining: 14m 0s
Rendered 176/1800, time remaining: 14m 0s
Rendered 177/1800, time remaining: 14m 5s
Rendered 177/1800, time remaining: 14m 5s
Rendered 178/1800, time remaining: 14m 2s
Rendered 179/1800, time remaining: 13m 52s
Rendered 179/1800, time remaining: 13m 52s
Rendered 179/1800, time remaining: 13m 52s
Rendered 180/1800, time remaining: 14m 0s
Rendered 180/1800, time remaining: 14m 0s
Rendered 181/1800, time remaining: 14m 0s
Rendered 181/1800, time remaining: 14m 0s
Rendered 182/1800, time remaining: 14m 0s
Rendered 183/1800, time remaining: 13m 52s
Rendered 183/1800, time remaining: 13m 52s
Rendered 183/1800, time remaining: 13m 52s
Rendered 184/1800, time remaining: 13m 57s
Rendered 184/1800, time remaining: 13m 57s
Rendered 185/1800, time remaining: 13m 56s
Rendered 185/1800, time remaining: 13m 56s
Rendered 186/1800, time remaining: 13m 59s
Rendered 186/1800, time remaining: 13m 59s
Rendered 187/1800, time remaining: 13m 51s
Rendered 187/1800, time remaining: 13m 51s
Rendered 188/1800, time remaining: 13m 55s
Rendered 188/1800, time remaining: 13m 55s
Rendered 189/1800, time remaining: 13m 55s
Rendered 189/1800, time remaining: 13m 55s
Rendered 190/1800, time remaining: 13m 59s
Rendered 190/1800, time remaining: 13m 59s
Rendered 191/1800, time remaining: 13m 53s
Rendered 191/1800, time remaining: 13m 53s
Rendered 191/1800, time remaining: 13m 53s
Rendered 192/1800, time remaining: 13m 58s
Rendered 192/1800, time remaining: 13m 58s
Rendered 193/1800, time remaining: 14m 2s
Rendered 193/1800, time remaining: 14m 2s
Rendered 194/1800, time remaining: 14m 4s
Rendered 194/1800, time remaining: 14m 4s
Rendered 195/1800, time remaining: 13m 54s
Rendered 195/1800, time remaining: 13m 54s
Rendered 196/1800, time remaining: 13m 57s
Rendered 196/1800, time remaining: 13m 57s
Rendered 197/1800, time remaining: 14m 1s
Rendered 197/1800, time remaining: 14m 1s
Rendered 198/1800, time remaining: 14m 5s
Rendered 198/1800, time remaining: 14m 5s
Rendered 199/1800, time remaining: 13m 53s
Rendered 199/1800, time remaining: 13m 53s
Rendered 200/1800, time remaining: 13m 58s
Rendered 200/1800, time remaining: 13m 58s
Rendered 200/1800, time remaining: 13m 58s
Rendered 201/1800, time remaining: 14m 5s
Rendered 201/1800, time remaining: 14m 5s
Rendered 202/1800, time remaining: 14m 6s
Rendered 202/1800, time remaining: 14m 6s
Rendered 203/1800, time remaining: 13m 58s
Rendered 203/1800, time remaining: 13m 58s
Rendered 204/1800, time remaining: 13m 59s
Rendered 204/1800, time remaining: 13m 59s
Rendered 205/1800, time remaining: 14m 5s
Rendered 205/1800, time remaining: 14m 5s
Rendered 206/1800, time remaining: 14m 3s
Rendered 206/1800, time remaining: 14m 3s
Rendered 207/1800, time remaining: 13m 59s
Rendered 207/1800, time remaining: 13m 59s
Rendered 208/1800, time remaining: 13m 58s
Rendered 208/1800, time remaining: 13m 58s
Rendered 209/1800, time remaining: 14m 3s
Rendered 209/1800, time remaining: 14m 3s
Rendered 210/1800, time remaining: 14m 3s
Rendered 210/1800, time remaining: 14m 3s
Rendered 211/1800, time remaining: 13m 57s
Rendered 211/1800, time remaining: 13m 57s
Rendered 212/1800, time remaining: 13m 57s
Rendered 212/1800, time remaining: 13m 57s
Rendered 212/1800, time remaining: 13m 57s
Rendered 213/1800, time remaining: 14m 1s
Rendered 214/1800, time remaining: 14m 2s
Rendered 214/1800, time remaining: 14m 2s
Rendered 214/1800, time remaining: 14m 2s
Rendered 215/1800, time remaining: 13m 54s
Rendered 216/1800, time remaining: 13m 48s
Rendered 216/1800, time remaining: 13m 48s
Rendered 216/1800, time remaining: 13m 48s
Rendered 217/1800, time remaining: 13m 47s
Rendered 217/1800, time remaining: 13m 47s
Rendered 218/1800, time remaining: 13m 50s
Rendered 218/1800, time remaining: 13m 50s
Rendered 219/1800, time remaining: 13m 44s
Rendered 220/1800, time remaining: 13m 43s
Rendered 220/1800, time remaining: 13m 43s
Rendered 220/1800, time remaining: 13m 43s
Rendered 221/1800, time remaining: 13m 45s
Rendered 221/1800, time remaining: 13m 45s
Rendered 222/1800, time remaining: 13m 46s
Rendered 222/1800, time remaining: 13m 46s
Rendered 223/1800, time remaining: 13m 40s
Rendered 224/1800, time remaining: 13m 41s
Rendered 224/1800, time remaining: 13m 41s
Rendered 224/1800, time remaining: 13m 41s
Rendered 225/1800, time remaining: 13m 43s
Rendered 225/1800, time remaining: 13m 43s
Rendered 226/1800, time remaining: 13m 45s
Rendered 226/1800, time remaining: 13m 45s
Rendered 227/1800, time remaining: 13m 40s
Rendered 227/1800, time remaining: 13m 40s
Rendered 228/1800, time remaining: 13m 41s
Rendered 228/1800, time remaining: 13m 41s
Rendered 229/1800, time remaining: 13m 40s
Rendered 229/1800, time remaining: 13m 40s
Rendered 230/1800, time remaining: 13m 42s
Rendered 230/1800, time remaining: 13m 42s
Rendered 230/1800, time remaining: 13m 42s
Rendered 231/1800, time remaining: 13m 41s
Rendered 232/1800, time remaining: 13m 40s
Rendered 232/1800, time remaining: 13m 40s
Rendered 233/1800, time remaining: 13m 37s
Rendered 233/1800, time remaining: 13m 37s
Rendered 233/1800, time remaining: 13m 37s
Rendered 234/1800, time remaining: 13m 43s
Rendered 235/1800, time remaining: 13m 39s
Rendered 235/1800, time remaining: 13m 39s
Rendered 236/1800, time remaining: 13m 38s
Rendered 236/1800, time remaining: 13m 38s
Rendered 236/1800, time remaining: 13m 38s
Rendered 237/1800, time remaining: 13m 39s
Rendered 237/1800, time remaining: 13m 39s
Rendered 238/1800, time remaining: 13m 43s
Rendered 238/1800, time remaining: 13m 43s
Rendered 239/1800, time remaining: 13m 37s
Rendered 240/1800, time remaining: 13m 37s
Rendered 240/1800, time remaining: 13m 37s
Rendered 240/1800, time remaining: 13m 37s
Rendered 241/1800, time remaining: 13m 38s
Rendered 241/1800, time remaining: 13m 38s
Rendered 242/1800, time remaining: 13m 41s
Rendered 242/1800, time remaining: 13m 41s
Rendered 243/1800, time remaining: 13m 34s
Rendered 244/1800, time remaining: 13m 33s
Rendered 244/1800, time remaining: 13m 33s
Rendered 244/1800, time remaining: 13m 33s
Rendered 244/1800, time remaining: 13m 33s
Rendered 245/1800, time remaining: 13m 40s
Rendered 245/1800, time remaining: 13m 40s
Rendered 246/1800, time remaining: 13m 42s
Rendered 246/1800, time remaining: 13m 42s
Rendered 247/1800, time remaining: 13m 36s
Rendered 248/1800, time remaining: 13m 36s
Rendered 248/1800, time remaining: 13m 36s
Rendered 248/1800, time remaining: 13m 36s
Rendered 249/1800, time remaining: 13m 37s
Rendered 249/1800, time remaining: 13m 37s
Rendered 250/1800, time remaining: 13m 38s
Rendered 250/1800, time remaining: 13m 38s
Rendered 251/1800, time remaining: 13m 35s
Rendered 252/1800, time remaining: 13m 32s
Rendered 252/1800, time remaining: 13m 32s
Rendered 252/1800, time remaining: 13m 32s
Rendered 252/1800, time remaining: 13m 32s
Rendered 253/1800, time remaining: 13m 38s
Rendered 254/1800, time remaining: 13m 40s
Rendered 254/1800, time remaining: 13m 40s
Rendered 254/1800, time remaining: 13m 40s
Rendered 255/1800, time remaining: 13m 37s
Rendered 256/1800, time remaining: 13m 33s
Rendered 256/1800, time remaining: 13m 33s
Rendered 257/1800, time remaining: 13m 35s
Rendered 257/1800, time remaining: 13m 35s
Rendered 257/1800, time remaining: 13m 35s
Rendered 258/1800, time remaining: 13m 38s
Rendered 258/1800, time remaining: 13m 38s
Rendered 259/1800, time remaining: 13m 35s
Rendered 260/1800, time remaining: 13m 32s
Rendered 260/1800, time remaining: 13m 32s
Rendered 261/1800, time remaining: 13m 32s
Rendered 261/1800, time remaining: 13m 32s
Rendered 261/1800, time remaining: 13m 32s
Rendered 262/1800, time remaining: 13m 35s
Rendered 262/1800, time remaining: 13m 35s
Rendered 263/1800, time remaining: 13m 33s
Rendered 264/1800, time remaining: 13m 30s
Rendered 264/1800, time remaining: 13m 30s
Rendered 265/1800, time remaining: 13m 29s
Rendered 265/1800, time remaining: 13m 29s
Rendered 265/1800, time remaining: 13m 29s
Rendered 266/1800, time remaining: 13m 34s
Rendered 266/1800, time remaining: 13m 34s
Rendered 267/1800, time remaining: 13m 26s
Rendered 268/1800, time remaining: 13m 26s
Rendered 268/1800, time remaining: 13m 26s
Rendered 269/1800, time remaining: 13m 25s
Rendered 269/1800, time remaining: 13m 25s
Rendered 269/1800, time remaining: 13m 25s
Rendered 270/1800, time remaining: 13m 29s
Rendered 270/1800, time remaining: 13m 29s
Rendered 271/1800, time remaining: 13m 26s
Rendered 272/1800, time remaining: 13m 24s
Rendered 272/1800, time remaining: 13m 24s
Rendered 273/1800, time remaining: 13m 21s
Rendered 273/1800, time remaining: 13m 21s
Rendered 273/1800, time remaining: 13m 21s
Rendered 273/1800, time remaining: 13m 21s
Rendered 274/1800, time remaining: 13m 29s
Rendered 275/1800, time remaining: 13m 26s
Rendered 275/1800, time remaining: 13m 26s
Rendered 276/1800, time remaining: 13m 25s
Rendered 277/1800, time remaining: 13m 15s
Rendered 277/1800, time remaining: 13m 15s
Rendered 277/1800, time remaining: 13m 15s
Rendered 277/1800, time remaining: 13m 15s
Rendered 278/1800, time remaining: 13m 23s
Rendered 279/1800, time remaining: 13m 22s
Rendered 279/1800, time remaining: 13m 22s
Rendered 280/1800, time remaining: 13m 23s
Rendered 281/1800, time remaining: 13m 13s
Rendered 281/1800, time remaining: 13m 13s
Rendered 281/1800, time remaining: 13m 13s
Rendered 281/1800, time remaining: 13m 13s
Rendered 282/1800, time remaining: 13m 21s
Rendered 283/1800, time remaining: 13m 18s
Rendered 283/1800, time remaining: 13m 18s
Rendered 284/1800, time remaining: 13m 20s
Rendered 284/1800, time remaining: 13m 20s
Rendered 285/1800, time remaining: 13m 15s
Rendered 285/1800, time remaining: 13m 15s
Rendered 285/1800, time remaining: 13m 15s
Rendered 286/1800, time remaining: 13m 18s
Rendered 287/1800, time remaining: 13m 18s
Rendered 287/1800, time remaining: 13m 18s
Rendered 288/1800, time remaining: 13m 18s
Rendered 288/1800, time remaining: 13m 18s
Rendered 289/1800, time remaining: 13m 13s
Rendered 289/1800, time remaining: 13m 13s
Rendered 289/1800, time remaining: 13m 13s
Rendered 290/1800, time remaining: 13m 17s
Rendered 290/1800, time remaining: 13m 17s
Rendered 291/1800, time remaining: 13m 17s
Rendered 292/1800, time remaining: 13m 15s
Rendered 292/1800, time remaining: 13m 15s
Rendered 293/1800, time remaining: 13m 11s
Rendered 293/1800, time remaining: 13m 11s
Rendered 293/1800, time remaining: 13m 11s
Rendered 293/1800, time remaining: 13m 11s
Rendered 294/1800, time remaining: 13m 16s
Rendered 295/1800, time remaining: 13m 17s
Rendered 296/1800, time remaining: 13m 14s
Rendered 296/1800, time remaining: 13m 14s
Rendered 296/1800, time remaining: 13m 14s
Rendered 297/1800, time remaining: 13m 9s
Rendered 297/1800, time remaining: 13m 9s
Rendered 297/1800, time remaining: 13m 9s
Rendered 298/1800, time remaining: 13m 16s
Rendered 299/1800, time remaining: 13m 14s
Rendered 300/1800, time remaining: 13m 11s
Rendered 300/1800, time remaining: 13m 11s
Rendered 300/1800, time remaining: 13m 11s
Rendered 301/1800, time remaining: 13m 6s
Rendered 301/1800, time remaining: 13m 6s
Rendered 301/1800, time remaining: 13m 6s
Rendered 302/1800, time remaining: 13m 15s
Rendered 303/1800, time remaining: 13m 13s
Rendered 303/1800, time remaining: 13m 13s
Rendered 304/1800, time remaining: 13m 11s
Rendered 304/1800, time remaining: 13m 11s
Rendered 305/1800, time remaining: 13m 7s
Rendered 305/1800, time remaining: 13m 7s
Rendered 305/1800, time remaining: 13m 7s
Rendered 306/1800, time remaining: 13m 12s
Rendered 306/1800, time remaining: 13m 12s
Rendered 307/1800, time remaining: 13m 12s
Rendered 308/1800, time remaining: 13m 11s
Rendered 308/1800, time remaining: 13m 11s
Rendered 309/1800, time remaining: 13m 7s
Rendered 309/1800, time remaining: 13m 7s
Rendered 309/1800, time remaining: 13m 7s
Rendered 310/1800, time remaining: 13m 9s
Rendered 310/1800, time remaining: 13m 9s
Rendered 311/1800, time remaining: 13m 12s
Rendered 312/1800, time remaining: 13m 8s
Rendered 312/1800, time remaining: 13m 8s
Rendered 313/1800, time remaining: 13m 3s
Rendered 313/1800, time remaining: 13m 3s
Rendered 313/1800, time remaining: 13m 3s
Rendered 314/1800, time remaining: 13m 6s
Rendered 314/1800, time remaining: 13m 6s
Rendered 315/1800, time remaining: 13m 6s
Rendered 316/1800, time remaining: 13m 6s
Rendered 316/1800, time remaining: 13m 6s
Rendered 317/1800, time remaining: 13m 2s
Rendered 317/1800, time remaining: 13m 2s
Rendered 317/1800, time remaining: 13m 2s
Rendered 317/1800, time remaining: 13m 2s
Rendered 318/1800, time remaining: 13m 8s
Rendered 319/1800, time remaining: 13m 6s
Rendered 319/1800, time remaining: 13m 6s
Rendered 320/1800, time remaining: 13m 3s
Rendered 320/1800, time remaining: 13m 3s
Rendered 321/1800, time remaining: 13m 6s
Rendered 321/1800, time remaining: 13m 6s
Rendered 321/1800, time remaining: 13m 6s
Rendered 322/1800, time remaining: 13m 4s
Rendered 323/1800, time remaining: 13m 2s
Rendered 323/1800, time remaining: 13m 2s
Rendered 324/1800, time remaining: 13m 0s
Rendered 324/1800, time remaining: 13m 0s
Rendered 325/1800, time remaining: 13m 4s
Rendered 325/1800, time remaining: 13m 4s
Rendered 325/1800, time remaining: 13m 4s
Rendered 326/1800, time remaining: 13m 4s
Rendered 327/1800, time remaining: 12m 59s
Rendered 327/1800, time remaining: 12m 59s
Rendered 328/1800, time remaining: 12m 58s
Rendered 328/1800, time remaining: 12m 58s
Rendered 329/1800, time remaining: 13m 1s
Rendered 329/1800, time remaining: 13m 1s
Rendered 329/1800, time remaining: 13m 1s
Rendered 330/1800, time remaining: 12m 59s
Rendered 331/1800, time remaining: 12m 57s
Rendered 331/1800, time remaining: 12m 57s
Rendered 332/1800, time remaining: 12m 57s
Rendered 332/1800, time remaining: 12m 57s
Rendered 333/1800, time remaining: 12m 59s
Rendered 333/1800, time remaining: 12m 59s
Rendered 333/1800, time remaining: 12m 59s
Rendered 334/1800, time remaining: 12m 57s
Rendered 335/1800, time remaining: 12m 56s
Rendered 335/1800, time remaining: 12m 56s
Rendered 336/1800, time remaining: 12m 55s
Rendered 336/1800, time remaining: 12m 55s
Rendered 337/1800, time remaining: 12m 54s
Rendered 337/1800, time remaining: 12m 54s
Rendered 337/1800, time remaining: 12m 54s
Rendered 338/1800, time remaining: 12m 55s
Rendered 339/1800, time remaining: 12m 54s
Rendered 339/1800, time remaining: 12m 54s
Rendered 340/1800, time remaining: 12m 54s
Rendered 340/1800, time remaining: 12m 54s
Rendered 341/1800, time remaining: 12m 47s
Rendered 341/1800, time remaining: 12m 47s
Rendered 341/1800, time remaining: 12m 47s
Rendered 342/1800, time remaining: 12m 51s
Rendered 342/1800, time remaining: 12m 51s
Rendered 343/1800, time remaining: 12m 47s
Rendered 344/1800, time remaining: 12m 44s
Rendered 344/1800, time remaining: 12m 44s
Rendered 345/1800, time remaining: 12m 43s
Rendered 345/1800, time remaining: 12m 43s
Rendered 345/1800, time remaining: 12m 43s
Rendered 345/1800, time remaining: 12m 43s
Rendered 346/1800, time remaining: 12m 50s
Rendered 347/1800, time remaining: 12m 46s
Rendered 348/1800, time remaining: 12m 41s
Rendered 348/1800, time remaining: 12m 41s
Rendered 349/1800, time remaining: 12m 38s
Rendered 349/1800, time remaining: 12m 38s
Rendered 349/1800, time remaining: 12m 38s
Rendered 349/1800, time remaining: 12m 38s
Rendered 350/1800, time remaining: 12m 47s
Rendered 351/1800, time remaining: 12m 40s
Rendered 352/1800, time remaining: 12m 37s
Rendered 353/1800, time remaining: 12m 30s
Rendered 353/1800, time remaining: 12m 30s
Rendered 353/1800, time remaining: 12m 30s
Rendered 353/1800, time remaining: 12m 30s
Rendered 353/1800, time remaining: 12m 30s
Rendered 354/1800, time remaining: 12m 41s
Rendered 355/1800, time remaining: 12m 36s
Rendered 356/1800, time remaining: 12m 36s
Rendered 356/1800, time remaining: 12m 36s
Rendered 357/1800, time remaining: 12m 29s
Rendered 357/1800, time remaining: 12m 29s
Rendered 357/1800, time remaining: 12m 29s
Rendered 358/1800, time remaining: 12m 37s
Rendered 358/1800, time remaining: 12m 37s
Rendered 359/1800, time remaining: 12m 36s
Rendered 359/1800, time remaining: 12m 36s
Rendered 360/1800, time remaining: 12m 33s
Rendered 361/1800, time remaining: 12m 28s
Rendered 361/1800, time remaining: 12m 28s
Rendered 361/1800, time remaining: 12m 28s
Rendered 362/1800, time remaining: 12m 34s
Rendered 362/1800, time remaining: 12m 34s
Rendered 362/1800, time remaining: 12m 34s
Rendered 363/1800, time remaining: 12m 33s
Rendered 364/1800, time remaining: 12m 31s
Rendered 365/1800, time remaining: 12m 25s
Rendered 365/1800, time remaining: 12m 25s
Rendered 365/1800, time remaining: 12m 25s
Rendered 365/1800, time remaining: 12m 25s
Rendered 366/1800, time remaining: 12m 33s
Rendered 366/1800, time remaining: 12m 33s
Rendered 367/1800, time remaining: 12m 33s
Rendered 368/1800, time remaining: 12m 29s
Rendered 369/1800, time remaining: 12m 23s
Rendered 369/1800, time remaining: 12m 23s
Rendered 369/1800, time remaining: 12m 23s
Rendered 369/1800, time remaining: 12m 23s
Rendered 370/1800, time remaining: 12m 35s
Rendered 370/1800, time remaining: 12m 35s
Rendered 371/1800, time remaining: 12m 28s
Rendered 372/1800, time remaining: 12m 27s
Rendered 372/1800, time remaining: 12m 27s
Rendered 373/1800, time remaining: 12m 24s
Rendered 373/1800, time remaining: 12m 24s
Rendered 373/1800, time remaining: 12m 24s
Rendered 374/1800, time remaining: 12m 30s
Rendered 374/1800, time remaining: 12m 30s
Rendered 375/1800, time remaining: 12m 28s
Rendered 376/1800, time remaining: 12m 23s
Rendered 376/1800, time remaining: 12m 23s
Rendered 377/1800, time remaining: 12m 22s
Rendered 377/1800, time remaining: 12m 22s
Rendered 377/1800, time remaining: 12m 22s
Rendered 378/1800, time remaining: 12m 27s
Rendered 378/1800, time remaining: 12m 27s
Rendered 378/1800, time remaining: 12m 27s
Rendered 379/1800, time remaining: 12m 28s
Rendered 380/1800, time remaining: 12m 25s
Rendered 380/1800, time remaining: 12m 25s
Rendered 381/1800, time remaining: 12m 23s
Rendered 381/1800, time remaining: 12m 23s
Rendered 381/1800, time remaining: 12m 23s
Rendered 382/1800, time remaining: 12m 29s
Rendered 382/1800, time remaining: 12m 29s
Rendered 383/1800, time remaining: 12m 29s
Rendered 383/1800, time remaining: 12m 29s
Rendered 384/1800, time remaining: 12m 23s
Rendered 385/1800, time remaining: 12m 21s
Rendered 385/1800, time remaining: 12m 21s
Rendered 385/1800, time remaining: 12m 21s
Rendered 386/1800, time remaining: 12m 28s
Rendered 386/1800, time remaining: 12m 28s
Rendered 386/1800, time remaining: 12m 28s
Rendered 387/1800, time remaining: 12m 25s
Rendered 388/1800, time remaining: 12m 21s
Rendered 389/1800, time remaining: 12m 19s
Rendered 389/1800, time remaining: 12m 19s
Rendered 389/1800, time remaining: 12m 19s
Rendered 390/1800, time remaining: 12m 24s
Rendered 390/1800, time remaining: 12m 24s
Rendered 390/1800, time remaining: 12m 24s
Rendered 391/1800, time remaining: 12m 23s
Rendered 391/1800, time remaining: 12m 23s
Rendered 392/1800, time remaining: 12m 21s
Rendered 393/1800, time remaining: 12m 17s
Rendered 393/1800, time remaining: 12m 17s
Rendered 394/1800, time remaining: 12m 22s
Rendered 394/1800, time remaining: 12m 22s
Rendered 394/1800, time remaining: 12m 22s
Rendered 395/1800, time remaining: 12m 18s
Rendered 395/1800, time remaining: 12m 18s
Rendered 396/1800, time remaining: 12m 16s
Rendered 397/1800, time remaining: 12m 11s
Rendered 397/1800, time remaining: 12m 11s
Rendered 398/1800, time remaining: 12m 13s
Rendered 398/1800, time remaining: 12m 13s
Rendered 398/1800, time remaining: 12m 13s
Rendered 399/1800, time remaining: 12m 18s
Rendered 399/1800, time remaining: 12m 18s
Rendered 400/1800, time remaining: 12m 17s
Rendered 400/1800, time remaining: 12m 17s
Rendered 401/1800, time remaining: 12m 11s
Rendered 402/1800, time remaining: 12m 11s
Rendered 402/1800, time remaining: 12m 11s
Rendered 402/1800, time remaining: 12m 11s
Rendered 403/1800, time remaining: 12m 11s
Rendered 403/1800, time remaining: 12m 11s
Rendered 404/1800, time remaining: 12m 11s
Rendered 404/1800, time remaining: 12m 11s
Rendered 405/1800, time remaining: 12m 8s
Rendered 406/1800, time remaining: 12m 8s
Rendered 406/1800, time remaining: 12m 8s
Rendered 406/1800, time remaining: 12m 8s
Rendered 407/1800, time remaining: 12m 11s
Rendered 407/1800, time remaining: 12m 11s
Rendered 408/1800, time remaining: 12m 6s
Rendered 408/1800, time remaining: 12m 6s
Rendered 409/1800, time remaining: 12m 6s
Rendered 409/1800, time remaining: 12m 6s
Rendered 410/1800, time remaining: 12m 5s
Rendered 410/1800, time remaining: 12m 5s
Rendered 410/1800, time remaining: 12m 5s
Rendered 411/1800, time remaining: 12m 9s
Rendered 412/1800, time remaining: 12m 3s
Rendered 412/1800, time remaining: 12m 3s
Rendered 413/1800, time remaining: 12m 5s
Rendered 413/1800, time remaining: 12m 5s
Rendered 414/1800, time remaining: 12m 5s
Rendered 414/1800, time remaining: 12m 5s
Rendered 414/1800, time remaining: 12m 5s
Rendered 415/1800, time remaining: 12m 9s
Rendered 416/1800, time remaining: 12m 1s
Rendered 416/1800, time remaining: 12m 1s
Rendered 417/1800, time remaining: 12m 4s
Rendered 417/1800, time remaining: 12m 4s
Rendered 418/1800, time remaining: 12m 4s
Rendered 418/1800, time remaining: 12m 4s
Rendered 418/1800, time remaining: 12m 4s
Rendered 418/1800, time remaining: 12m 4s
Rendered 419/1800, time remaining: 12m 9s
Rendered 420/1800, time remaining: 12m 1s
Rendered 420/1800, time remaining: 12m 1s
Rendered 421/1800, time remaining: 12m 2s
Rendered 422/1800, time remaining: 12m 1s
Rendered 422/1800, time remaining: 12m 1s
Rendered 422/1800, time remaining: 12m 1s
Rendered 423/1800, time remaining: 12m 8s
Rendered 423/1800, time remaining: 12m 8s
Rendered 424/1800, time remaining: 11m 58s
Rendered 425/1800, time remaining: 11m 56s
Rendered 425/1800, time remaining: 11m 56s
Rendered 426/1800, time remaining: 12m 0s
Rendered 426/1800, time remaining: 12m 0s
Rendered 426/1800, time remaining: 12m 0s
Rendered 427/1800, time remaining: 12m 6s
Rendered 427/1800, time remaining: 12m 6s
Rendered 428/1800, time remaining: 11m 54s
Rendered 429/1800, time remaining: 11m 55s
Rendered 429/1800, time remaining: 11m 55s
Rendered 429/1800, time remaining: 11m 55s
Rendered 430/1800, time remaining: 11m 57s
Rendered 430/1800, time remaining: 11m 57s
Rendered 430/1800, time remaining: 11m 57s
Rendered 431/1800, time remaining: 12m 4s
Rendered 432/1800, time remaining: 11m 52s
Rendered 432/1800, time remaining: 11m 52s
Rendered 433/1800, time remaining: 11m 56s
Rendered 433/1800, time remaining: 11m 56s
Rendered 434/1800, time remaining: 11m 55s
Rendered 434/1800, time remaining: 11m 55s
Rendered 435/1800, time remaining: 11m 57s
Rendered 435/1800, time remaining: 11m 57s
Rendered 436/1800, time remaining: 11m 52s
Rendered 436/1800, time remaining: 11m 52s
Rendered 437/1800, time remaining: 11m 54s
Rendered 437/1800, time remaining: 11m 54s
Rendered 438/1800, time remaining: 11m 55s
Rendered 438/1800, time remaining: 11m 55s
Rendered 439/1800, time remaining: 11m 53s
Rendered 439/1800, time remaining: 11m 53s
Rendered 440/1800, time remaining: 11m 50s
Rendered 440/1800, time remaining: 11m 50s
Rendered 441/1800, time remaining: 11m 49s
Rendered 441/1800, time remaining: 11m 49s
Rendered 442/1800, time remaining: 11m 52s
Rendered 442/1800, time remaining: 11m 52s
Rendered 443/1800, time remaining: 11m 50s
Rendered 443/1800, time remaining: 11m 50s
Rendered 443/1800, time remaining: 11m 50s
Rendered 444/1800, time remaining: 11m 49s
Rendered 444/1800, time remaining: 11m 49s
Rendered 445/1800, time remaining: 11m 52s
Rendered 445/1800, time remaining: 11m 52s
Rendered 446/1800, time remaining: 11m 51s
Rendered 447/1800, time remaining: 11m 46s
Rendered 447/1800, time remaining: 11m 46s
Rendered 447/1800, time remaining: 11m 46s
Rendered 447/1800, time remaining: 11m 46s
Rendered 448/1800, time remaining: 11m 48s
Rendered 449/1800, time remaining: 11m 49s
Rendered 449/1800, time remaining: 11m 49s
Rendered 450/1800, time remaining: 11m 49s
Rendered 451/1800, time remaining: 11m 43s
Rendered 451/1800, time remaining: 11m 43s
Rendered 451/1800, time remaining: 11m 43s
Rendered 451/1800, time remaining: 11m 43s
Rendered 452/1800, time remaining: 11m 45s
Rendered 453/1800, time remaining: 11m 47s
Rendered 453/1800, time remaining: 11m 47s
Rendered 454/1800, time remaining: 11m 45s
Rendered 455/1800, time remaining: 11m 41s
Rendered 455/1800, time remaining: 11m 41s
Rendered 455/1800, time remaining: 11m 41s
Rendered 455/1800, time remaining: 11m 41s
Rendered 456/1800, time remaining: 11m 45s
Rendered 457/1800, time remaining: 11m 43s
Rendered 457/1800, time remaining: 11m 43s
Rendered 458/1800, time remaining: 11m 44s
Rendered 458/1800, time remaining: 11m 44s
Rendered 459/1800, time remaining: 11m 42s
Rendered 459/1800, time remaining: 11m 42s
Rendered 459/1800, time remaining: 11m 42s
Rendered 460/1800, time remaining: 11m 44s
Rendered 461/1800, time remaining: 11m 41s
Rendered 461/1800, time remaining: 11m 41s
Rendered 461/1800, time remaining: 11m 41s
Rendered 462/1800, time remaining: 11m 45s
Rendered 463/1800, time remaining: 11m 42s
Rendered 463/1800, time remaining: 11m 42s
Rendered 463/1800, time remaining: 11m 42s
Rendered 464/1800, time remaining: 11m 43s
Rendered 464/1800, time remaining: 11m 43s
Rendered 465/1800, time remaining: 11m 40s
Rendered 465/1800, time remaining: 11m 40s
Rendered 466/1800, time remaining: 11m 40s
Rendered 466/1800, time remaining: 11m 40s
Rendered 467/1800, time remaining: 11m 43s
Rendered 467/1800, time remaining: 11m 43s
Rendered 468/1800, time remaining: 11m 37s
Rendered 468/1800, time remaining: 11m 37s
Rendered 469/1800, time remaining: 11m 36s
Rendered 469/1800, time remaining: 11m 36s
Rendered 470/1800, time remaining: 11m 37s
Rendered 470/1800, time remaining: 11m 37s
Rendered 471/1800, time remaining: 11m 39s
Rendered 471/1800, time remaining: 11m 39s
Rendered 472/1800, time remaining: 11m 36s
Rendered 472/1800, time remaining: 11m 36s
Rendered 473/1800, time remaining: 11m 36s
Rendered 474/1800, time remaining: 11m 34s
Rendered 474/1800, time remaining: 11m 34s
Rendered 474/1800, time remaining: 11m 34s
Rendered 475/1800, time remaining: 11m 36s
Rendered 475/1800, time remaining: 11m 36s
Rendered 475/1800, time remaining: 11m 36s
Rendered 476/1800, time remaining: 11m 33s
Rendered 476/1800, time remaining: 11m 33s
Rendered 477/1800, time remaining: 11m 36s
Rendered 478/1800, time remaining: 11m 34s
Rendered 478/1800, time remaining: 11m 34s
Rendered 479/1800, time remaining: 11m 33s
Rendered 479/1800, time remaining: 11m 33s
Rendered 479/1800, time remaining: 11m 33s
Rendered 480/1800, time remaining: 11m 33s
Rendered 480/1800, time remaining: 11m 33s
Rendered 481/1800, time remaining: 11m 36s
Rendered 481/1800, time remaining: 11m 36s
Rendered 482/1800, time remaining: 11m 35s
Rendered 482/1800, time remaining: 11m 35s
Rendered 483/1800, time remaining: 11m 34s
Rendered 483/1800, time remaining: 11m 34s
Rendered 484/1800, time remaining: 11m 31s
Rendered 484/1800, time remaining: 11m 31s
Rendered 485/1800, time remaining: 11m 33s
Rendered 486/1800, time remaining: 11m 30s
Rendered 486/1800, time remaining: 11m 30s
Rendered 486/1800, time remaining: 11m 30s
Rendered 487/1800, time remaining: 11m 32s
Rendered 487/1800, time remaining: 11m 32s
Rendered 488/1800, time remaining: 11m 29s
Rendered 488/1800, time remaining: 11m 29s
Rendered 489/1800, time remaining: 11m 31s
Rendered 489/1800, time remaining: 11m 31s
Rendered 490/1800, time remaining: 11m 30s
Rendered 490/1800, time remaining: 11m 30s
Rendered 490/1800, time remaining: 11m 30s
Rendered 491/1800, time remaining: 11m 33s
Rendered 491/1800, time remaining: 11m 33s
Rendered 492/1800, time remaining: 11m 28s
Rendered 493/1800, time remaining: 11m 29s
Rendered 493/1800, time remaining: 11m 29s
Rendered 494/1800, time remaining: 11m 29s
Rendered 494/1800, time remaining: 11m 29s
Rendered 494/1800, time remaining: 11m 29s
Rendered 495/1800, time remaining: 11m 33s
Rendered 495/1800, time remaining: 11m 33s
Rendered 496/1800, time remaining: 11m 26s
Rendered 496/1800, time remaining: 11m 26s
Rendered 497/1800, time remaining: 11m 28s
Rendered 497/1800, time remaining: 11m 28s
Rendered 498/1800, time remaining: 11m 30s
Rendered 498/1800, time remaining: 11m 30s
Rendered 499/1800, time remaining: 11m 33s
Rendered 499/1800, time remaining: 11m 33s
Rendered 500/1800, time remaining: 11m 24s
Rendered 500/1800, time remaining: 11m 24s
Rendered 501/1800, time remaining: 11m 26s
Rendered 501/1800, time remaining: 11m 26s
Rendered 502/1800, time remaining: 11m 28s
Rendered 502/1800, time remaining: 11m 28s
Rendered 503/1800, time remaining: 11m 31s
Rendered 503/1800, time remaining: 11m 31s
Rendered 503/1800, time remaining: 11m 31s
Rendered 504/1800, time remaining: 11m 25s
Rendered 505/1800, time remaining: 11m 24s
Rendered 505/1800, time remaining: 11m 24s
Rendered 506/1800, time remaining: 11m 24s
Rendered 506/1800, time remaining: 11m 24s
Rendered 507/1800, time remaining: 11m 28s
Rendered 507/1800, time remaining: 11m 28s
Rendered 507/1800, time remaining: 11m 28s
Rendered 508/1800, time remaining: 11m 26s
Rendered 508/1800, time remaining: 11m 26s
Rendered 509/1800, time remaining: 11m 25s
Rendered 509/1800, time remaining: 11m 25s
Rendered 510/1800, time remaining: 11m 25s
Rendered 510/1800, time remaining: 11m 25s
Rendered 511/1800, time remaining: 11m 28s
Rendered 511/1800, time remaining: 11m 28s
Rendered 512/1800, time remaining: 11m 23s
Rendered 512/1800, time remaining: 11m 23s
Rendered 512/1800, time remaining: 11m 23s
Rendered 513/1800, time remaining: 11m 23s
Rendered 514/1800, time remaining: 11m 23s
Rendered 514/1800, time remaining: 11m 23s
Rendered 515/1800, time remaining: 11m 26s
Rendered 515/1800, time remaining: 11m 26s
Rendered 516/1800, time remaining: 11m 18s
Rendered 516/1800, time remaining: 11m 18s
Rendered 516/1800, time remaining: 11m 18s
Rendered 517/1800, time remaining: 11m 22s
Rendered 518/1800, time remaining: 11m 21s
Rendered 518/1800, time remaining: 11m 21s
Rendered 519/1800, time remaining: 11m 23s
Rendered 519/1800, time remaining: 11m 23s
Rendered 520/1800, time remaining: 11m 14s
Rendered 520/1800, time remaining: 11m 14s
Rendered 520/1800, time remaining: 11m 14s
Rendered 521/1800, time remaining: 11m 21s
Rendered 521/1800, time remaining: 11m 21s
Rendered 522/1800, time remaining: 11m 21s
Rendered 522/1800, time remaining: 11m 21s
Rendered 523/1800, time remaining: 11m 21s
Rendered 523/1800, time remaining: 11m 21s
Rendered 524/1800, time remaining: 11m 18s
Rendered 524/1800, time remaining: 11m 18s
Rendered 525/1800, time remaining: 11m 17s
Rendered 525/1800, time remaining: 11m 17s
Rendered 526/1800, time remaining: 11m 18s
Rendered 526/1800, time remaining: 11m 18s
Rendered 526/1800, time remaining: 11m 18s
Rendered 527/1800, time remaining: 11m 21s
Rendered 527/1800, time remaining: 11m 21s
Rendered 528/1800, time remaining: 11m 21s
Rendered 528/1800, time remaining: 11m 21s
Rendered 529/1800, time remaining: 11m 17s
Rendered 529/1800, time remaining: 11m 17s
Rendered 530/1800, time remaining: 11m 18s
Rendered 530/1800, time remaining: 11m 18s
Rendered 531/1800, time remaining: 11m 16s
Rendered 531/1800, time remaining: 11m 16s
Rendered 531/1800, time remaining: 11m 16s
Rendered 532/1800, time remaining: 11m 16s
Rendered 533/1800, time remaining: 11m 13s
Rendered 533/1800, time remaining: 11m 13s
Rendered 534/1800, time remaining: 11m 15s
Rendered 534/1800, time remaining: 11m 15s
Rendered 535/1800, time remaining: 11m 15s
Rendered 535/1800, time remaining: 11m 15s
Rendered 535/1800, time remaining: 11m 15s
Rendered 536/1800, time remaining: 11m 15s
Rendered 536/1800, time remaining: 11m 15s
Rendered 537/1800, time remaining: 11m 12s
Rendered 537/1800, time remaining: 11m 12s
Rendered 538/1800, time remaining: 11m 14s
Rendered 538/1800, time remaining: 11m 14s
Rendered 539/1800, time remaining: 11m 15s
Rendered 539/1800, time remaining: 11m 15s
Rendered 540/1800, time remaining: 11m 15s
Rendered 540/1800, time remaining: 11m 15s
Rendered 541/1800, time remaining: 11m 10s
Rendered 541/1800, time remaining: 11m 10s
Rendered 542/1800, time remaining: 11m 11s
Rendered 542/1800, time remaining: 11m 11s
Rendered 543/1800, time remaining: 11m 12s
Rendered 543/1800, time remaining: 11m 12s
Rendered 543/1800, time remaining: 11m 12s
Rendered 544/1800, time remaining: 11m 13s
Rendered 544/1800, time remaining: 11m 13s
Rendered 545/1800, time remaining: 11m 8s
Rendered 545/1800, time remaining: 11m 8s
Rendered 546/1800, time remaining: 11m 10s
Rendered 547/1800, time remaining: 11m 11s
Rendered 547/1800, time remaining: 11m 11s
Rendered 547/1800, time remaining: 11m 11s
Rendered 548/1800, time remaining: 11m 15s
Rendered 548/1800, time remaining: 11m 15s
Rendered 549/1800, time remaining: 11m 5s
Rendered 550/1800, time remaining: 11m 4s
Rendered 550/1800, time remaining: 11m 4s
Rendered 550/1800, time remaining: 11m 4s
Rendered 551/1800, time remaining: 11m 8s
Rendered 551/1800, time remaining: 11m 8s
Rendered 551/1800, time remaining: 11m 8s
Rendered 551/1800, time remaining: 11m 8s
Rendered 552/1800, time remaining: 11m 21s
Rendered 552/1800, time remaining: 11m 21s
Rendered 552/1800, time remaining: 11m 21s
Rendered 553/1800, time remaining: 11m 17s
Rendered 554/1800, time remaining: 11m 15s
Rendered 554/1800, time remaining: 11m 15s
Rendered 555/1800, time remaining: 11m 15s
Rendered 555/1800, time remaining: 11m 15s
Rendered 555/1800, time remaining: 11m 15s
Rendered 555/1800, time remaining: 11m 15s
Rendered 555/1800, time remaining: 11m 15s
Rendered 556/1800, time remaining: 11m 28s
Rendered 556/1800, time remaining: 11m 28s
Rendered 557/1800, time remaining: 11m 25s
Rendered 557/1800, time remaining: 11m 25s
Rendered 558/1800, time remaining: 11m 25s
Rendered 558/1800, time remaining: 11m 25s
Rendered 559/1800, time remaining: 11m 21s
Rendered 559/1800, time remaining: 11m 21s
Rendered 559/1800, time remaining: 11m 21s
Rendered 559/1800, time remaining: 11m 21s
Rendered 560/1800, time remaining: 11m 33s
Rendered 560/1800, time remaining: 11m 33s
Rendered 560/1800, time remaining: 11m 33s
Rendered 561/1800, time remaining: 11m 32s
Rendered 562/1800, time remaining: 11m 32s
Rendered 562/1800, time remaining: 11m 32s
Rendered 563/1800, time remaining: 11m 27s
Rendered 563/1800, time remaining: 11m 27s
Rendered 563/1800, time remaining: 11m 27s
Rendered 564/1800, time remaining: 11m 33s
Rendered 564/1800, time remaining: 11m 33s
Rendered 565/1800, time remaining: 11m 29s
Rendered 565/1800, time remaining: 11m 29s
Rendered 566/1800, time remaining: 11m 32s
Rendered 566/1800, time remaining: 11m 32s
Rendered 567/1800, time remaining: 11m 28s
Rendered 567/1800, time remaining: 11m 28s
Rendered 568/1800, time remaining: 11m 33s
Rendered 568/1800, time remaining: 11m 33s
Rendered 569/1800, time remaining: 11m 26s
Rendered 569/1800, time remaining: 11m 26s
Rendered 569/1800, time remaining: 11m 26s
Rendered 570/1800, time remaining: 11m 30s
Rendered 571/1800, time remaining: 11m 27s
Rendered 571/1800, time remaining: 11m 27s
Rendered 571/1800, time remaining: 11m 27s
Rendered 572/1800, time remaining: 11m 31s
Rendered 572/1800, time remaining: 11m 31s
Rendered 573/1800, time remaining: 11m 24s
Rendered 573/1800, time remaining: 11m 24s
Rendered 574/1800, time remaining: 11m 29s
Rendered 574/1800, time remaining: 11m 29s
Rendered 575/1800, time remaining: 11m 29s
Rendered 575/1800, time remaining: 11m 29s
Rendered 576/1800, time remaining: 11m 29s
Rendered 576/1800, time remaining: 11m 29s
Rendered 577/1800, time remaining: 11m 25s
Rendered 577/1800, time remaining: 11m 25s
Rendered 577/1800, time remaining: 11m 25s
Rendered 578/1800, time remaining: 11m 31s
Rendered 579/1800, time remaining: 11m 29s
Rendered 579/1800, time remaining: 11m 29s
Rendered 580/1800, time remaining: 11m 28s
Rendered 580/1800, time remaining: 11m 28s
Rendered 581/1800, time remaining: 11m 22s
Rendered 581/1800, time remaining: 11m 22s
Rendered 581/1800, time remaining: 11m 22s
Rendered 582/1800, time remaining: 11m 30s
Rendered 582/1800, time remaining: 11m 30s
Rendered 583/1800, time remaining: 11m 27s
Rendered 583/1800, time remaining: 11m 27s
Rendered 584/1800, time remaining: 11m 27s
Rendered 584/1800, time remaining: 11m 27s
Rendered 585/1800, time remaining: 11m 24s
Rendered 585/1800, time remaining: 11m 24s
